AndroidRootChecker/proguard/seeds.txt
com.purehero.root.checker.AndroidDeviceInfo
com.purehero.root.checker.BuildConfig
com.purehero.root.checker.CheckRootFragment
com.purehero.root.checker.CheckRootFragment$1
com.purehero.root.checker.CheckRootFragment$1$1
com.purehero.root.checker.CheckRootFragment$1$2
com.purehero.root.checker.DeviceInfoFragment
com.purehero.root.checker.DeviceInfoListAdapter
com.purehero.root.checker.DeviceInfoListAdapter$ViewHolder
com.purehero.root.checker.DeviceInfoListData
com.purehero.root.checker.MainActivity
com.purehero.root.checker.MainActivity: MainActivity()
com.purehero.root.checker.MainActivity$1
com.purehero.root.checker.MainActivity$2
com.purehero.root.checker.MainActivity$ViewPagerAdapter
com.purehero.root.checker.MainApplication
com.purehero.root.checker.R
com.purehero.root.checker.R$anim
com.purehero.root.checker.R$anim: int abc_fade_in
com.purehero.root.checker.R$anim: int abc_fade_out
com.purehero.root.checker.R$anim: int abc_slide_in_bottom
com.purehero.root.checker.R$anim: int abc_slide_in_top
com.purehero.root.checker.R$anim: int abc_slide_out_bottom
com.purehero.root.checker.R$anim: int abc_slide_out_top
com.purehero.root.checker.R$attr
com.purehero.root.checker.R$attr: int accentColor
com.purehero.root.checker.R$attr: int actionBarDivider
com.purehero.root.checker.R$attr: int actionBarItemBackground
com.purehero.root.checker.R$attr: int actionBarSize
com.purehero.root.checker.R$attr: int actionBarSplitStyle
com.purehero.root.checker.R$attr: int actionBarStyle
com.purehero.root.checker.R$attr: int actionBarTabBarStyle
com.purehero.root.checker.R$attr: int actionBarTabStyle
com.purehero.root.checker.R$attr: int actionBarTabTextStyle
com.purehero.root.checker.R$attr: int actionBarWidgetTheme
com.purehero.root.checker.R$attr: int actionButtonStyle
com.purehero.root.checker.R$attr: int actionDropDownStyle
com.purehero.root.checker.R$attr: int actionLayout
com.purehero.root.checker.R$attr: int actionMenuTextAppearance
com.purehero.root.checker.R$attr: int actionMenuTextColor
com.purehero.root.checker.R$attr: int actionModeBackground
com.purehero.root.checker.R$attr: int actionModeCloseButtonStyle
com.purehero.root.checker.R$attr: int actionModeCloseDrawable
com.purehero.root.checker.R$attr: int actionModeCopyDrawable
com.purehero.root.checker.R$attr: int actionModeCutDrawable
com.purehero.root.checker.R$attr: int actionModeFindDrawable
com.purehero.root.checker.R$attr: int actionModePasteDrawable
com.purehero.root.checker.R$attr: int actionModePopupWindowStyle
com.purehero.root.checker.R$attr: int actionModeSelectAllDrawable
com.purehero.root.checker.R$bool
com.purehero.root.checker.R$bool: int abc_action_bar_embed_tabs_pre_jb
com.purehero.root.checker.R$bool: int abc_action_bar_expanded_action_views_exclusive
com.purehero.root.checker.R$bool: int abc_config_actionMenuItemAllCaps
com.purehero.root.checker.R$bool: int abc_config_allowActionMenuItemTextWithIcon
com.purehero.root.checker.R$bool: int abc_config_showMenuShortcutsWhenKeyboardPresent
com.purehero.root.checker.R$bool: int abc_split_action_bar_is_narrow
com.purehero.root.checker.R$bool: int isTablet
...
com.google.android.gms.games.achievement.Achievements
com.google.android.gms.games.achievement.Achievements: android.content.Intent getAchievementsIntent(com.google.android.gms.common.api.GoogleApiClient)
com.google.android.gms.games.achievement.Achievements: com.google.android.gms.common.api.PendingResult load(com.google.android.gms.common.api.GoogleApiClient,boolean)
com.google.android.gms.games.achievement.Achievements: void reveal(com.google.android.gms.common.api.GoogleApiClient,java.lang.String)
com.google.android.gms.games.achievement.Achievements: com.google.android.gms.common.api.PendingResult revealImmediate(com.google.android.gms.common.api.GoogleApiClient,java.lang.String)
com.google.android.gms.games.achievement.Achievements: void unlock(com.google.android.gms.common.api.GoogleApiClient,java.lang.String)
com.google.android.gms.games.achievement.Achievements: com.google.android.gms.common.api.PendingResult unlockImmediate(com.google.android.gms.common.api.GoogleApiClient,java.lang.String)
com.google.android.gms.games.achievement.Achievements: void increment(com.google.android.gms.common.api.GoogleApiClient,java.lang.String,int)
com.google.android.gms.games.achievement.Achievements: com.google.android.gms.common.api.PendingResult incrementImmediate(com.google.android.gms.common.api.GoogleApiClient,java.lang.String,int)
com.google.android.gms.games.achievement.Achievements: void setSteps(com.google.android.gms.common.api.GoogleApiClient,java.lang.String,int)
com.google.android.gms.games.achievement.Achievements$LoadAchievementsResult
com.google.android.gms.games.achievement.Achievements$LoadAchievementsResult: com.google.android.gms.games.achievement.AchievementBuffer getAchievements()
com.google.android.gms.games.achievement.Achievements$UpdateAchievementResult
com.google.android.gms.games.achievement.Achievements$UpdateAchievementResult: java.lang.String getAchievementId()
com.google.android.gms.games.appcontent.AppContentAction
com.google.android.gms.games.appcontent.AppContentAction: java.util.List kH()
com.google.android.gms.games.appcontent.AppContentAction: java.lang.String kI()
com.google.android.gms.games.appcontent.AppContentAction: android.os.Bundle getExtras()
com.google.android.gms.games.appcontent.AppContentAction: java.lang.String getLabel()
com.google.android.gms.games.appcontent.AppContentAction: java.lang.String kJ()
com.google.android.gms.games.appcontent.AppContentAction: java.lang.String getType()
com.google.android.gms.games.appcontent.AppContentActionEntity
com.google.android.gms.games.appcontent.AppContentActionEntity: com.google.android.gms.games.appcontent.AppContentActionEntityCreator CREATOR
com.google.android.gms.games.appcontent.AppContentActionEntity: AppContentActionEntity(com.google.android.gms.games.appcontent.AppContentAction)
com.google.android.gms.games.appcontent.AppContentActionEntity: int getVersionCode()
com.google.android.gms.games.appcontent.AppContentActionEntity: java.util.List kH()
com.google.android.gms.games.appcontent.AppContentActionEntity: java.lang.String kI()
com.google.android.gms.games.appcontent.AppContentActionEntity: android.os.Bundle getExtras()
com.google.android.gms.games.appcontent.AppContentActionEntity: java.lang.String getLabel()
com.google.android.gms.games.appcontent.AppContentActionEntity: java.lang.String kJ()
com.google.android.gms.games.appcontent.AppContentActionEntity: java.lang.String getType()
com.google.android.gms.games.appcontent.AppContentActionEntity: com.google.android.gms.games.appcontent.AppContentAction kK()
com.google.android.gms.games.appcontent.AppContentActionEntity: boolean isDataValid()
com.google.android.gms.games.appcontent.AppContentActionEntity: int hashCode()
com.google.android.gms.games.appcontent.AppContentActionEntity: boolean equals(java.lang.Object)
com.google.android.gms.games.appcontent.AppContentActionEntity: java.lang.String toString()