AndroidRootChecker/proguard/mapping.txt
com.purehero.root.checker.AndroidDeviceInfo -> com.purehero.root.checker.AndroidDeviceInfo:
    java.util.Map getInfo(android.content.Context) -> a
    java.lang.String getDeviceName(android.content.Context) -> b
    java.lang.String chars2string(char[]) -> a
    boolean isRooted() -> a
    boolean fineSuperSuApk() -> b
    boolean findSuBinary() -> c
    boolean testSuBinary() -> d
com.purehero.root.checker.BuildConfig -> com.purehero.root.checker.BuildConfig:
com.purehero.root.checker.CheckRootFragment -> com.purehero.root.checker.CheckRootFragment:
    com.purehero.root.checker.MainActivity context -> b
    android.view.View layout -> c
    android.widget.TextView textResultCheckRoot -> d
    int check_count -> e
    java.lang.Runnable check_root_runnable -> a
    android.view.View onCreateView(android.view.LayoutInflater,android.view.ViewGroup,android.os.Bundle) -> onCreateView
    void updateRootCheckMessage() -> l
    void onClick(android.view.View) -> onClick
    int access$0(com.purehero.root.checker.CheckRootFragment) -> a
    com.purehero.root.checker.MainActivity access$1(com.purehero.root.checker.CheckRootFragment) -> b
    void access$2(com.purehero.root.checker.CheckRootFragment) -> c
    android.widget.TextView access$3(com.purehero.root.checker.CheckRootFragment) -> d
    void access$4(com.purehero.root.checker.CheckRootFragment,int) -> a
com.purehero.root.checker.CheckRootFragment$1 -> com.purehero.root.checker.CheckRootFragment$1:
    com.purehero.root.checker.CheckRootFragment this$0 -> a
    void run() -> run
    com.purehero.root.checker.CheckRootFragment access$0(com.purehero.root.checker.CheckRootFragment$1) -> a
com.purehero.root.checker.CheckRootFragment$1$1 -> com.purehero.root.checker.CheckRootFragment$1$1:
    com.purehero.root.checker.CheckRootFragment$1 this$1 -> a
    void run() -> run
com.purehero.root.checker.CheckRootFragment$1$2 -> com.purehero.root.checker.CheckRootFragment$1$2:
    com.purehero.root.checker.CheckRootFragment$1 this$1 -> a
    void run() -> run
com.purehero.root.checker.DeviceInfoFragment -> com.purehero.root.checker.DeviceInfoFragment:
    com.purehero.root.checker.MainActivity context -> a
    android.view.View layout -> b
    android.widget.ListView deviceInfoListView -> c
    com.purehero.root.checker.DeviceInfoListAdapter deviceInfoListAdapter -> d
    android.view.View onCreateView(android.view.LayoutInflater,android.view.ViewGroup,android.os.Bundle) -> onCreateView
com.purehero.root.checker.DeviceInfoListAdapter -> com.purehero.root.checker.DeviceInfoListAdapter:
    android.content.Context context -> a
    java.util.List listDatas -> b
    int getCount() -> getCount
    java.lang.Object getItem(int) -> getItem
    long getItemId(int) -> getItemId
    android.view.View getView(int,android.view.View,android.view.ViewGroup) -> getView
com.purehero.root.checker.DeviceInfoListAdapter$ViewHolder -> com.purehero.root.checker.DeviceInfoListAdapter$ViewHolder:
    android.widget.TextView name -> a
    android.widget.TextView value -> b
    com.purehero.root.checker.DeviceInfoListAdapter this$0 -> c
com.purehero.root.checker.DeviceInfoListData -> com.purehero.root.checker.DeviceInfoListData:
    java.lang.String name -> a
    java.lang.String value -> b
    int index -> c
    java.lang.String getName() -> a
    java.lang.String getValue() -> b
...
com.google.android.gms.analytics.i -> com.google.android.gms.analytics.i:
    com.google.android.gms.analytics.i yw -> yw
    com.google.android.gms.analytics.i yx -> yx
    com.google.android.gms.analytics.i yy -> yy
    com.google.android.gms.analytics.i yz -> yz
    com.google.android.gms.analytics.i yA -> yA
    com.google.android.gms.analytics.i yB -> yB
    com.google.android.gms.analytics.i[] yC -> a
    com.google.android.gms.analytics.i[] values() -> values
    com.google.android.gms.analytics.i valueOf(java.lang.String) -> valueOf
com.google.android.gms.analytics.j -> com.google.android.gms.analytics.j:
    java.util.Set yo -> a
    int eb() -> eb
    int ec() -> ec
    int ed() -> ed
    int ee() -> ee
    long ef() -> ef
    java.lang.String eg() -> eg
    java.lang.String eh() -> eh
    com.google.android.gms.analytics.i ei() -> ei
    com.google.android.gms.analytics.l ej() -> ej
    java.util.Set ek() -> ek
com.google.android.gms.analytics.k -> com.google.android.gms.analytics.k:
    com.google.android.gms.analytics.k yD -> a
    java.lang.Object xO -> b
    android.content.Context mContext -> c
    java.lang.String yE -> d
    boolean yF -> e
    java.lang.Object yG -> f
    void y(android.content.Context) -> y
    com.google.android.gms.analytics.k el() -> el
    boolean ac(java.lang.String) -> ac
    java.lang.String getValue(java.lang.String) -> getValue
    java.lang.String em() -> a
    java.lang.String en() -> d
    boolean ae(java.lang.String) -> a
    java.lang.String eo() -> b
    void ep() -> e
    java.lang.String eq() -> c
    java.lang.Object a(com.google.android.gms.analytics.k) -> a
    java.lang.String a(com.google.android.gms.analytics.k,java.lang.String) -> a
    boolean a(com.google.android.gms.analytics.k,boolean) -> a
com.google.android.gms.analytics.k$1 -> com.google.android.gms.analytics.k$1:
    com.google.android.gms.analytics.k yH -> a
    void run() -> run
com.google.android.gms.analytics.l -> com.google.android.gms.analytics.l:
    com.google.android.gms.analytics.l yI -> yI
    com.google.android.gms.analytics.l yJ -> yJ
    com.google.android.gms.analytics.l[] yK -> a
    com.google.android.gms.analytics.l[] values() -> values
    com.google.android.gms.analytics.l valueOf(java.lang.String) -> valueOf
com.google.android.gms.analytics.m -> com.google.android.gms.analytics.m:
com.google.android.gms.analytics.n -> com.google.android.gms.analytics.n:
    android.content.Context mContext -> a
    com.google.android.gms.analytics.n$a yL -> b
    com.google.android.gms.analytics.m x(int) -> x
    com.google.android.gms.analytics.m a(android.content.res.XmlResourceParser) -> a
com.google.android.gms.analytics.n$a -> com.google.android.gms.analytics.n$a:
    void e(java.lang.String,java.lang.String) -> e
    void f(java.lang.String,java.lang.String) -> f
    void e(java.lang.String,boolean) -> e
    void c(java.lang.String,int) -> c
    com.google.android.gms.analytics.m er() -> er
com.google.android.gms.analytics.o -> com.google.android.gms.analytics.o:
    int eb() -> eb
    int ec() -> ec
    int ed() -> ed
    int ee() -> ee
    long ef() -> ef
    java.lang.String eg() -> eg
    java.lang.String eh() -> eh
    com.google.android.gms.analytics.i ei() -> ei
    com.google.android.gms.analytics.l ej() -> ej
    java.util.Set ek() -> ek
com.google.android.gms.analytics.p -> com.google.android.gms.analytics.p:
    int yM -> a
    void verbose(java.lang.String) -> verbose
    void info(java.lang.String) -> info
    void warn(java.lang.String) -> warn
    void error(java.lang.String) -> error
    void error(java.lang.Exception) -> error
    void setLogLevel(int) -> setLogLevel
    int getLogLevel() -> getLogLevel
    java.lang.String af(java.lang.String) -> a
com.google.android.gms.analytics.q -> com.google.android.gms.analytics.q:
    java.lang.String getValue(java.lang.String) -> getValue