AndroidRootChecker/proguard/usage.txt
com.purehero.root.checker.AndroidDeviceInfo:
    private static final java.lang.String LOG_TAG
    125:128:public static boolean isAirplaneMode(android.content.Context)
com.purehero.root.checker.BuildConfig:
    public static final boolean DEBUG
com.purehero.root.checker.DeviceInfoListData:
    33:34:public void setIndex(int)
    40:40:public int getIndex()
...
android.support.v4.view.ActionProvider:
    private static final java.lang.String TAG
android.support.v4.view.GestureDetectorCompat$GestureDetectorCompatImplBase:
    private static final int SHOW_PRESS
    private static final int LONG_PRESS
    private static final int TAP
android.support.v4.view.KeyEventCompat$BaseKeyEventVersionImpl:
    private static final int META_MODIFIER_MASK
    private static final int META_ALL_MASK
android.support.v4.view.MenuItemCompat:
    private static final java.lang.String TAG
android.support.v4.view.PagerTabStrip:
    private static final java.lang.String TAG
    private static final int INDICATOR_HEIGHT
    private static final int MIN_PADDING_BOTTOM
    private static final int TAB_PADDING
    private static final int TAB_SPACING
    private static final int MIN_TEXT_SPACING
    private static final int FULL_UNDERLINE_HEIGHT
    private static final int MIN_STRIP_HEIGHT
android.support.v4.view.PagerTitleStrip:
    private static final java.lang.String TAG
    private static final float SIDE_ALPHA
    private static final int TEXT_SPACING
android.support.v4.view.PagerTitleStripIcs$SingleLineAllCapsTransform:
    private static final java.lang.String TAG
android.support.v4.view.ViewCompat:
    private static final long FAKE_FRAME_TIME
android.support.v4.view.ViewPager:
    private static final java.lang.String TAG
    private static final boolean DEBUG
    private static final boolean USE_CACHE
    private static final int DEFAULT_OFFSCREEN_PAGES
    private static final int MAX_SETTLE_DURATION
    private static final int MIN_DISTANCE_FOR_FLING
    private static final int DEFAULT_GUTTER_SIZE
    private static final int MIN_FLING_VELOCITY
    private boolean mIgnoreGutter
    private static final int INVALID_POINTER
    private static final int CLOSE_ENOUGH
    private static final int DRAW_ORDER_DEFAULT
    private static final int DRAW_ORDER_FORWARD
    private static final int DRAW_ORDER_REVERSE
    778:779:void smoothScrollTo(int,int)
android.support.v4.widget.AutoScrollHelper:
    private static final int HORIZONTAL
    private static final int VERTICAL
    private static final int DEFAULT_EDGE_TYPE
    private static final int DEFAULT_MINIMUM_VELOCITY_DIPS
    private static final int DEFAULT_MAXIMUM_VELOCITY_DIPS
    private static final float DEFAULT_MAXIMUM_EDGE
    private static final float DEFAULT_RELATIVE_EDGE
    private static final float DEFAULT_RELATIVE_VELOCITY
    private static final int DEFAULT_RAMP_UP_DURATION
    private static final int DEFAULT_RAMP_DOWN_DURATION
android.support.v4.widget.ContentLoadingProgressBar:
    private static final int MIN_SHOW_TIME
    private static final int MIN_DELAY
android.support.v4.widget.CursorAdapter:
    160:161:protected void init(android.content.Context,android.database.Cursor,boolean)
android.support.v4.widget.DrawerLayout:
    private static final java.lang.String TAG
    private static final int MIN_DRAWER_MARGIN
    private static final int DEFAULT_SCRIM_COLOR
    private static final int PEEK_DELAY
    private static final int MIN_FLING_VELOCITY
    private static final boolean ALLOW_EDGE_LOCK
    private static final boolean CHILDREN_DISALLOW_INTERCEPT
    private static final float TOUCH_SLOP_SENSITIVITY
    593:602:void moveDrawerToOffset(android.view.View,float)
android.support.v4.widget.SearchViewCompat:
    264:266:private SearchViewCompat(android.content.Context)
android.support.v4.widget.SlidingPaneLayout:
    private static final java.lang.String TAG
    private static final int DEFAULT_OVERHANG_SIZE
    private static final int DEFAULT_FADE_COLOR
    private static final int MIN_FLING_VELOCITY
    1111:1130:protected boolean canScroll(android.view.View,boolean,int,int,int)